mode: set
utilities/sliceUtil.go:4.103,5.32 1 1
utilities/sliceUtil.go:13.2,13.14 1 1
utilities/sliceUtil.go:5.32,6.28 1 1
utilities/sliceUtil.go:11.3,11.14 1 1
utilities/sliceUtil.go:6.28,7.36 1 1
utilities/sliceUtil.go:7.36,9.5 1 0
utilities/sliceUtil.go:17.83,18.17 1 1
utilities/sliceUtil.go:21.2,22.22 2 1
utilities/sliceUtil.go:33.2,33.19 1 1
utilities/sliceUtil.go:18.17,20.3 1 1
utilities/sliceUtil.go:22.22,24.10 2 1
utilities/sliceUtil.go:27.3,28.12 2 1
utilities/sliceUtil.go:31.3,31.25 1 1
utilities/sliceUtil.go:24.10,26.4 1 0
utilities/sliceUtil.go:28.12,30.4 1 0
utilities/sliceUtil.go:37.65,38.32 1 1
utilities/sliceUtil.go:46.2,46.14 1 1
utilities/sliceUtil.go:38.32,39.28 1 1
utilities/sliceUtil.go:44.3,44.14 1 1
utilities/sliceUtil.go:39.28,40.22 1 1
utilities/sliceUtil.go:40.22,42.5 1 1
utilities/valueUtil.go:15.65,16.36 1 1
utilities/valueUtil.go:19.2,19.33 1 1
utilities/valueUtil.go:58.2,58.14 1 1
utilities/valueUtil.go:16.36,18.3 1 1
utilities/valueUtil.go:20.2,22.9 2 1
utilities/valueUtil.go:25.2,27.9 2 1
utilities/valueUtil.go:32.2,34.9 2 1
utilities/valueUtil.go:39.2,41.9 2 1
utilities/valueUtil.go:46.2,48.45 2 1
utilities/valueUtil.go:49.2,52.9 2 1
utilities/valueUtil.go:55.2,56.128 1 1
utilities/valueUtil.go:22.9,24.4 1 1
utilities/valueUtil.go:27.9,28.24 1 1
utilities/valueUtil.go:28.24,30.5 1 1
utilities/valueUtil.go:34.9,35.24 1 1
utilities/valueUtil.go:35.24,37.5 1 1
utilities/valueUtil.go:41.9,42.24 1 1
utilities/valueUtil.go:42.24,44.5 1 1
utilities/valueUtil.go:52.9,54.4 1 1
utilities/mapUtil.go:4.90,5.28 1 1
utilities/mapUtil.go:13.2,13.14 1 1
utilities/mapUtil.go:5.28,6.34 1 1
utilities/mapUtil.go:11.3,11.14 1 1
utilities/mapUtil.go:6.34,7.42 1 1
utilities/mapUtil.go:7.42,9.5 1 1
